#
# There is insufficient memory for the Java Runtime Environment to continue.
# Native memory allocation (malloc) failed to allocate 1554448 bytes for Chunk::new
# Possible reasons:
#   The system is out of physical RAM or swap space
#   The process is running with CompressedOops enabled, and the Java Heap may be blocking the growth of the native heap
# Possible solutions:
#   Reduce memory load on the system
#   Increase physical memory or swap space
#   Check if swap backing store is full
#   Decrease Java heap size (-Xmx/-Xms)
#   Decrease number of Java threads
#   Decrease Java thread stack sizes (-Xss)
#   Set larger code cache with -XX:ReservedCodeCacheSize=
#   JVM is running with Unscaled Compressed Oops mode in which the Java heap is
#     placed in the first 4GB address space. The Java Heap base address is the
#     maximum limit for the native heap growth. Please use -XX:HeapBaseMinAddress
#     to set the Java Heap base and to place the Java Heap above 4GB virtual address.
# This output file may be truncated or incomplete.
#
#  Out of Memory Error (arena.cpp:189), pid=15852, tid=16224
#
# JRE version: OpenJDK Runtime Environment Temurin-17.0.3+7 (17.0.3+7) (build 17.0.3+7)
# Java VM: OpenJDK 64-Bit Server VM Temurin-17.0.3+7 (17.0.3+7, mixed mode, tiered, compressed oops, compressed class ptrs, parallel gc, windows-amd64)
# No core dump will be written. Minidumps are not enabled by default on client versions of Windows
#

---------------  S U M M A R Y ------------

Command Line: --add-modules=ALL-SYSTEM --add-opens=java.base/java.util=ALL-UNNAMED --add-opens=java.base/java.lang=ALL-UNNAMED --add-opens=java.base/sun.nio.fs=ALL-UNNAMED -Declipse.application=org.eclipse.jdt.ls.core.id1 -Dosgi.bundles.defaultStartLevel=4 -Declipse.product=org.eclipse.jdt.ls.core.product -Djava.import.generatesMetadataFilesAtProjectRoot=false -Dfile.encoding=utf8 -DwatchParentProcess=false -XX:+UseParallelGC -XX:GCTimeRatio=4 -XX:AdaptiveSizePolicyWeight=90 -Dsun.zip.disableMemoryMapping=true -Xmx1G -Xms100m -XX:+HeapDumpOnOutOfMemoryError -XX:HeapDumpPath=c:\Users\Adina\AppData\Roaming\Code\User\workspaceStorage\409782c94249b56334519af4336092a2\redhat.java c:\Users\Adina\.vscode\extensions\redhat.java-1.7.0-win32-x64\server\plugins\org.eclipse.equinox.launcher_1.6.400.v20210924-0641.jar -configuration c:\Users\Adina\AppData\Roaming\Code\User\globalStorage\redhat.java\1.7.0\config_win -data c:\Users\Adina\AppData\Roaming\Code\User\workspaceStorage\409782c94249b56334519af4336092a2\redhat.java\jdt_ws

Host: AMD Ryzen 7 4700U with Radeon Graphics         , 8 cores, 7G,  Windows 10 , 64 bit Build 19041 (10.0.19041.1706)
Time: Mon Jun 20 17:50:44 2022 GTB Daylight Time elapsed time: 3.587298 seconds (0d 0h 0m 3s)

---------------  T H R E A D  ---------------

Current thread (0x0000026d7290cd40):  JavaThread "C2 CompilerThread0" daemon [_thread_in_native, id=16224, stack(0x0000007ef1800000,0x0000007ef1900000)]


Current CompileTask:
C2:   3587 2408       4       org.eclipse.osgi.internal.framework.FilterImpl$Item::compare (347 bytes)

Stack: [0x0000007ef1800000,0x0000007ef1900000]
Native frames: (J=compiled Java code, j=interpreted, Vv=VM code, C=native code)
V  [jvm.dll+0x675efa]
V  [jvm.dll+0x830a24]
V  [jvm.dll+0x8321ce]
V  [jvm.dll+0x832833]
V  [jvm.dll+0x2454b5]
V  [jvm.dll+0xabd7b]
V  [jvm.dll+0xac30c]
V  [jvm.dll+0x363627]
V  [jvm.dll+0x32dca1]
V  [jvm.dll+0x32d14a]
V  [jvm.dll+0x218361]
V  [jvm.dll+0x217781]
V  [jvm.dll+0x1a3ccd]
V  [jvm.dll+0x227178]
V  [jvm.dll+0x2252bc]
V  [jvm.dll+0x7e673b]
V  [jvm.dll+0x7e0cfa]
V  [jvm.dll+0x674d85]
C  [ucrtbase.dll+0x21bb2]
C  [KERNEL32.DLL+0x17034]
C  [ntdll.dll+0x52651]


---------------  P R O C E S S  ---------------

Threads class SMR info:
_java_thread_list=0x0000026d74c0ec30, length=27, elements={
0x0000026d5c472150, 0x0000026d702f7710, 0x0000026d728e3010, 0x0000026d702f9ee0,
0x0000026d702fac60, 0x0000026d702fd7f0, 0x0000026d7290c150, 0x0000026d7290cd40,
0x0000026d72910660, 0x0000026d72910f60, 0x0000026d72a62820, 0x0000026d72b8b160,
0x0000026d7301ae00, 0x0000026d7301b2d0, 0x0000026d73248470, 0x0000026d73248b50,
0x0000026d73249560, 0x0000026d73011030, 0x0000026d73096ba0, 0x0000026d72cd47c0,
0x0000026d72cd2610, 0x0000026d72cd4c90, 0x0000026d72cd2140, 0x0000026d72cd5630,
0x0000026d72cd5160, 0x0000026d72cd5b00, 0x0000026d72cd3e20
}

Java Threads: ( => current thread )
  0x0000026d5c472150 JavaThread "main" [_thread_blocked, id=15952, stack(0x0000007ef0f00000,0x0000007ef1000000)]
  0x0000026d702f7710 JavaThread "Reference Handler" daemon [_thread_blocked, id=16168, stack(0x0000007ef1200000,0x0000007ef1300000)]
  0x0000026d728e3010 JavaThread "Finalizer" daemon [_thread_blocked, id=16176, stack(0x0000007ef1300000,0x0000007ef1400000)]
  0x0000026d702f9ee0 JavaThread "Signal Dispatcher" daemon [_thread_blocked, id=16196, stack(0x0000007ef1400000,0x0000007ef1500000)]
  0x0000026d702fac60 JavaThread "Attach Listener" daemon [_thread_blocked, id=16204, stack(0x0000007ef1500000,0x0000007ef1600000)]
  0x0000026d702fd7f0 JavaThread "Service Thread" daemon [_thread_blocked, id=16212, stack(0x0000007ef1600000,0x0000007ef1700000)]
  0x0000026d7290c150 JavaThread "Monitor Deflation Thread" daemon [_thread_blocked, id=16216, stack(0x0000007ef1700000,0x0000007ef1800000)]
=>0x0000026d7290cd40 JavaThread "C2 CompilerThread0" daemon [_thread_in_native, id=16224, stack(0x0000007ef1800000,0x0000007ef1900000)]
  0x0000026d72910660 JavaThread "C1 CompilerThread0" daemon [_thread_blocked, id=16232, stack(0x0000007ef1900000,0x0000007ef1a00000)]
  0x0000026d72910f60 JavaThread "Sweeper thread" daemon [_thread_blocked, id=16240, stack(0x0000007ef1a00000,0x0000007ef1b00000)]
  0x0000026d72a62820 JavaThread "Common-Cleaner" daemon [_thread_blocked, id=16252, stack(0x0000007ef1b00000,0x0000007ef1c00000)]
  0x0000026d72b8b160 JavaThread "Notification Thread" daemon [_thread_blocked, id=16264, stack(0x0000007ef1c00000,0x0000007ef1d00000)]
  0x0000026d7301ae00 JavaThread "Equinox resolver thread - Equinox Container: df0a39c8-912b-4dcf-869d-c14bedea041d" daemon [_thread_blocked, id=4064, stack(0x0000007ef1e00000,0x0000007ef1f00000)]
  0x0000026d7301b2d0 JavaThread "Equinox resolver thread - Equinox Container: df0a39c8-912b-4dcf-869d-c14bedea041d" daemon [_thread_blocked, id=3872, stack(0x0000007ef1f00000,0x0000007ef2000000)]
  0x0000026d73248470 JavaThread "Equinox resolver thread - Equinox Container: df0a39c8-912b-4dcf-869d-c14bedea041d" daemon [_thread_blocked, id=12928, stack(0x0000007ef2000000,0x0000007ef2100000)]
  0x0000026d73248b50 JavaThread "Equinox resolver thread - Equinox Container: df0a39c8-912b-4dcf-869d-c14bedea041d" daemon [_thread_blocked, id=2656, stack(0x0000007ef2100000,0x0000007ef2200000)]
  0x0000026d73249560 JavaThread "Equinox resolver thread - Equinox Container: df0a39c8-912b-4dcf-869d-c14bedea041d" daemon [_thread_blocked, id=2104, stack(0x0000007ef2200000,0x0000007ef2300000)]
  0x0000026d73011030 JavaThread "Equinox resolver thread - Equinox Container: df0a39c8-912b-4dcf-869d-c14bedea041d" daemon [_thread_blocked, id=15384, stack(0x0000007ef2300000,0x0000007ef2400000)]
  0x0000026d73096ba0 JavaThread "Active Thread: Equinox Container: df0a39c8-912b-4dcf-869d-c14bedea041d" [_thread_blocked, id=12392, stack(0x0000007ef2400000,0x0000007ef2500000)]
  0x0000026d72cd47c0 JavaThread "Framework Event Dispatcher: Equinox Container: df0a39c8-912b-4dcf-869d-c14bedea041d" daemon [_thread_blocked, id=13296, stack(0x0000007ef2b00000,0x0000007ef2c00000)]
  0x0000026d72cd2610 JavaThread "Start Level: Equinox Container: df0a39c8-912b-4dcf-869d-c14bedea041d" daemon [_thread_in_native, id=12464, stack(0x0000007ef2c00000,0x0000007ef2d00000)]
  0x0000026d72cd4c90 JavaThread "Refresh Thread: Equinox Container: df0a39c8-912b-4dcf-869d-c14bedea041d" daemon [_thread_blocked, id=12700, stack(0x0000007ef2d00000,0x0000007ef2e00000)]
  0x0000026d72cd2140 JavaThread "Equinox resolver thread - Equinox Container: df0a39c8-912b-4dcf-869d-c14bedea041d" daemon [_thread_blocked, id=12604, stack(0x0000007ef2e00000,0x0000007ef2f00000)]
  0x0000026d72cd5630 JavaThread "Equinox resolver thread - Equinox Container: df0a39c8-912b-4dcf-869d-c14bedea041d" daemon [_thread_blocked, id=14540, stack(0x0000007ef2f00000,0x0000007ef3000000)]
  0x0000026d72cd5160 JavaThread "SCR Component Actor" daemon [_thread_blocked, id=5396, stack(0x0000007ef3000000,0x0000007ef3100000)]
  0x0000026d72cd5b00 JavaThread "Timer-0" [_thread_blocked, id=10120, stack(0x0000007ef3100000,0x0000007ef3200000)]
  0x0000026d72cd3e20 JavaThread "Worker-JM" [_thread_blocked, id=8536, stack(0x0000007ef3200000,0x0000007ef3300000)]

Other Threads:
  0x0000026d702efb80 VMThread "VM Thread" [stack: 0x0000007ef1100000,0x0000007ef1200000] [id=16164]
  0x0000026d72b8b630 WatcherThread [stack: 0x0000007ef1d00000,0x0000007ef1e00000] [id=16268]
  0x0000026d5c489f40 GCTaskThread "GC Thread#0" [stack: 0x0000007ef1000000,0x0000007ef1100000] [id=16068]
  0x0000026d72ce01a0 GCTaskThread "GC Thread#1" [stack: 0x0000007ef2500000,0x0000007ef2600000] [id=6584]
  0x0000026d7309c250 GCTaskThread "GC Thread#2" [stack: 0x0000007ef2600000,0x0000007ef2700000] [id=11608]
  0x0000026d7309c500 GCTaskThread "GC Thread#3" [stack: 0x0000007ef2700000,0x0000007ef2800000] [id=1476]
  0x0000026d7309c7b0 GCTaskThread "GC Thread#4" [stack: 0x0000007ef2800000,0x0000007ef2900000] [id=14456]
  0x0000026d730bc400 GCTaskThread "GC Thread#5" [stack: 0x0000007ef2900000,0x0000007ef2a00000] [id=2740]
  0x0000026d730bc6b0 GCTaskThread "GC Thread#6" [stack: 0x0000007ef2a00000,0x0000007ef2b00000] [id=3180]

Threads with active compile tasks:
C2 CompilerThread0     3610 2408       4       org.eclipse.osgi.internal.framework.FilterImpl$Item::compare (347 bytes)

VM state: not at safepoint (normal execution)

VM Mutex/Monitor currently owned by a thread: None

Heap address: 0x00000000c0000000, size: 1024 MB, Compressed Oops mode: 32-bit

CDS archive(s) not mapped
Compressed class space mapped at: 0x0000000100000000-0x0000000140000000, reserved size: 1073741824
Narrow klass base: 0x0000000000000000, Narrow klass shift: 3, Narrow klass range: 0x140000000

GC Precious Log:
 CPUs: 8 total, 8 available
 Memory: 7549M
 Large Page Support: Disabled
 NUMA Support: Disabled
 Compressed Oops: Enabled (32-bit)
 Alignments: Space 512K, Generation 512K, Heap 2M
 Heap Min Capacity: 100M
 Heap Initial Capacity: 100M
 Heap Max Capacity: 1G
 Pre-touch: Disabled
 Parallel Workers: 8

Heap:
 PSYoungGen      total 29696K, used 27305K [0x00000000eab00000, 0x00000000ecc00000, 0x0000000100000000)
  eden space 25600K, 90% used [0x00000000eab00000,0x00000000ec1ab758,0x00000000ec400000)
  from space 4096K, 99% used [0x00000000ec800000,0x00000000ecbfeea0,0x00000000ecc00000)
  to   space 4096K, 0% used [0x00000000ec400000,0x00000000ec400000,0x00000000ec800000)
 ParOldGen       total 68608K, used 5034K [0x00000000c0000000, 0x00000000c4300000, 0x00000000eab00000)
  object space 68608K, 7% used [0x00000000c0000000,0x00000000c04eabc8,0x00000000c4300000)
 Metaspace       used 19513K, committed 19840K, reserved 1073152K
  class space    used 1970K, committed 2112K, reserved 1048576K

Card table byte_map: [0x0000026d5be30000,0x0000026d5c040000] _byte_map_base: 0x0000026d5b830000

Marking Bits: (ParMarkBitMap*) 0x00007ffdbf8b4b80
 Begin Bits: [0x0000026d6e100000, 0x0000026d6f100000)
 End Bits:   [0x0000026d6f100000, 0x0000026d70100000)

Polling page: 0x0000026d5a470000

Metaspace:

Usage:
  Non-class:     17.13 MB used.
      Class:      1.92 MB used.
       Both:     19.06 MB used.

Virtual space:
  Non-class space:       24.00 MB reserved,      17.31 MB ( 72%) committed,  3 nodes.
      Class space:        1.00 GB reserved,       2.06 MB ( <1%) committed,  1 nodes.
             Both:        1.02 GB reserved,      19.38 MB (  2%) committed. 

Chunk freelists:
   Non-Class:  2.63 MB
       Class:  1.98 MB
        Both:  4.61 MB

MaxMetaspaceSize: unlimited
CompressedClassSpaceSize: 1.00 GB
Initial GC threshold: 21.00 MB
Current GC threshold: 21.00 MB
CDS: off
MetaspaceReclaimPolicy: balanced
 - commit_granule_bytes: 65536.
 - commit_granule_words: 8192.
 - virtual_space_node_default_size: 1048576.
 - enlarge_chunks_in_place: 1.
 - new_chunks_are_fully_committed: 0.
 - uncommit_free_chunks: 1.
 - use_allocation_guard: 0.
 - handle_deallocations: 1.


Internal statistics:

num_allocs_failed_limit: 0.
num_arena_births: 124.
num_arena_deaths: 0.
num_vsnodes_births: 4.
num_vsnodes_deaths: 0.
num_space_committed: 310.
num_space_uncommitted: 0.
num_chunks_returned_to_freelist: 0.
num_chunks_taken_from_freelist: 515.
num_chunk_merges: 0.
num_chunk_splits: 338.
num_chunks_enlarged: 242.
num_purges: 0.
num_inconsistent_stats: 0.

CodeHeap 'non-profiled nmethods': size=120000Kb used=828Kb max_used=828Kb free=119171Kb
 bounds [0x0000026d66bd0000, 0x0000026d66e40000, 0x0000026d6e100000]
CodeHeap 'profiled nmethods': size=120000Kb used=5510Kb max_used=5510Kb free=114489Kb
 bounds [0x0000026d5f6a0000, 0x0000026d5fc10000, 0x0000026d66bd0000]
CodeHeap 'non-nmethods': size=5760Kb used=1181Kb max_used=1188Kb free=4578Kb
 bounds [0x0000026d5f100000, 0x0000026d5f370000, 0x0000026d5f6a0000]
 total_blobs=3031 nmethods=2555 adapters=390
 compilation: enabled
              stopped_count=0, restarted_count=0
 full_count=0

Compilation events (20 events):
Event: 3.553 Thread 0x0000026d72910660 2532   !   3       org.eclipse.osgi.internal.weaving.WovenClassImpl::callHooks (409 bytes)
Event: 3.555 Thread 0x0000026d72910660 nmethod 2532 0x0000026d5fbea410 code [0x0000026d5fbea7e0, 0x0000026d5fbec3d8]
Event: 3.555 Thread 0x0000026d72910660 2533   !   3       org.eclipse.osgi.internal.loader.ModuleClassLoader::lockClassName (140 bytes)
Event: 3.556 Thread 0x0000026d72910660 nmethod 2533 0x0000026d5fbece10 code [0x0000026d5fbed0e0, 0x0000026d5fbee018]
Event: 3.556 Thread 0x0000026d72910660 2534       1       java.lang.ClassLoader::getUnnamedModule (5 bytes)
Event: 3.556 Thread 0x0000026d72910660 nmethod 2534 0x0000026d66c9de90 code [0x0000026d66c9e020, 0x0000026d66c9e0f8]
Event: 3.557 Thread 0x0000026d72910660 2535       3       java.util.ArrayDeque::isEmpty (17 bytes)
Event: 3.558 Thread 0x0000026d72910660 nmethod 2535 0x0000026d5fbee910 code [0x0000026d5fbeeaa0, 0x0000026d5fbeec18]
Event: 3.559 Thread 0x0000026d72910660 2536       3       jdk.internal.reflect.MagicAccessorImpl::<init> (5 bytes)
Event: 3.559 Thread 0x0000026d72910660 nmethod 2536 0x0000026d5fbeec90 code [0x0000026d5fbeee20, 0x0000026d5fbeef78]
Event: 3.559 Thread 0x0000026d72910660 2537   !   3       jdk.internal.reflect.ReflectionFactory::checkInitted (100 bytes)
Event: 3.560 Thread 0x0000026d72910660 nmethod 2537 0x0000026d5fbef010 code [0x0000026d5fbef320, 0x0000026d5fbf0328]
Event: 3.560 Thread 0x0000026d72910660 2538       3       java.lang.reflect.ReflectAccess::getRoot (5 bytes)
Event: 3.560 Thread 0x0000026d72910660 nmethod 2538 0x0000026d5fbf0790 code [0x0000026d5fbf0940, 0x0000026d5fbf0b08]
Event: 3.571 Thread 0x0000026d72910660 2539       3       java.lang.StringLatin1::lastIndexOf (125 bytes)
Event: 3.572 Thread 0x0000026d72910660 nmethod 2539 0x0000026d5fbf0c10 code [0x0000026d5fbf0de0, 0x0000026d5fbf1278]
Event: 3.581 Thread 0x0000026d72910660 2540       3       java.util.ArrayDeque::addFirst (51 bytes)
Event: 3.581 Thread 0x0000026d72910660 nmethod 2540 0x0000026d5fbf1510 code [0x0000026d5fbf16e0, 0x0000026d5fbf1b58]
Event: 3.581 Thread 0x0000026d72910660 2541       3       java.util.ArrayDeque::dec (13 bytes)
Event: 3.581 Thread 0x0000026d72910660 nmethod 2541 0x0000026d5fbf1d10 code [0x0000026d5fbf1ea0, 0x0000026d5fbf1fd8]

GC Heap History (4 events):
Event: 1.210 GC heap before
{Heap before GC invocations=1 (full 0):
 PSYoungGen      total 29696K, used 25600K [0x00000000eab00000, 0x00000000ecc00000, 0x0000000100000000)
  eden space 25600K, 100% used [0x00000000eab00000,0x00000000ec400000,0x00000000ec400000)
  from space 4096K, 0% used [0x00000000ec800000,0x00000000ec800000,0x00000000ecc00000)
  to   space 4096K, 0% used [0x00000000ec400000,0x00000000ec400000,0x00000000ec800000)
 ParOldGen       total 68608K, used 0K [0x00000000c0000000, 0x00000000c4300000, 0x00000000eab00000)
  object space 68608K, 0% used [0x00000000c0000000,0x00000000c0000000,0x00000000c4300000)
 Metaspace       used 12819K, committed 12992K, reserved 1064960K
  class space    used 1303K, committed 1408K, reserved 1048576K
}
Event: 1.224 GC heap after
{Heap after GC invocations=1 (full 0):
 PSYoungGen      total 29696K, used 3288K [0x00000000eab00000, 0x00000000ecc00000, 0x0000000100000000)
  eden space 25600K, 0% used [0x00000000eab00000,0x00000000eab00000,0x00000000ec400000)
  from space 4096K, 80% used [0x00000000ec400000,0x00000000ec7362e8,0x00000000ec800000)
  to   space 4096K, 0% used [0x00000000ec800000,0x00000000ec800000,0x00000000ecc00000)
 ParOldGen       total 68608K, used 16K [0x00000000c0000000, 0x00000000c4300000, 0x00000000eab00000)
  object space 68608K, 0% used [0x00000000c0000000,0x00000000c0004000,0x00000000c4300000)
 Metaspace       used 12819K, committed 12992K, reserved 1064960K
  class space    used 1303K, committed 1408K, reserved 1048576K
}
Event: 2.847 GC heap before
{Heap before GC invocations=2 (full 0):
 PSYoungGen      total 29696K, used 28888K [0x00000000eab00000, 0x00000000ecc00000, 0x0000000100000000)
  eden space 25600K, 100% used [0x00000000eab00000,0x00000000ec400000,0x00000000ec400000)
  from space 4096K, 80% used [0x00000000ec400000,0x00000000ec7362e8,0x00000000ec800000)
  to   space 4096K, 0% used [0x00000000ec800000,0x00000000ec800000,0x00000000ecc00000)
 ParOldGen       total 68608K, used 16K [0x00000000c0000000, 0x00000000c4300000, 0x00000000eab00000)
  object space 68608K, 0% used [0x00000000c0000000,0x00000000c0004000,0x00000000c4300000)
 Metaspace       used 13446K, committed 13632K, reserved 1064960K
  class space    used 1356K, committed 1472K, reserved 1048576K
}
Event: 2.855 GC heap after
{Heap after GC invocations=2 (full 0):
 PSYoungGen      total 29696K, used 4091K [0x00000000eab00000, 0x00000000ecc00000, 0x0000000100000000)
  eden space 25600K, 0% used [0x00000000eab00000,0x00000000eab00000,0x00000000ec400000)
  from space 4096K, 99% used [0x00000000ec800000,0x00000000ecbfeea0,0x00000000ecc00000)
  to   space 4096K, 0% used [0x00000000ec400000,0x00000000ec400000,0x00000000ec800000)
 ParOldGen       total 68608K, used 5034K [0x00000000c0000000, 0x00000000c4300000, 0x00000000eab00000)
  object space 68608K, 7% used [0x00000000c0000000,0x00000000c04eabc8,0x00000000c4300000)
 Metaspace       used 13446K, committed 13632K, reserved 1064960K
  class space    used 1356K, committed 1472K, reserved 1048576K
}

Deoptimization events (20 events):
Event: 3.378 Thread 0x0000026d72cd2610 Uncommon trap: trap_request=0xffffffc6 fr.pc=0x0000026d66c54c3c relative=0x000000000000019c
Event: 3.378 Thread 0x0000026d72cd2610 Uncommon trap: reason=bimorphic_or_optimized_type_check action=maybe_recompile pc=0x0000026d66c54c3c method=java.util.Collections$UnmodifiableCollection$1.next()Ljava/lang/Object; @ 4 c2
Event: 3.378 Thread 0x0000026d72cd2610 DEOPT PACKING pc=0x0000026d66c54c3c sp=0x0000007ef2cfd0a0
Event: 3.378 Thread 0x0000026d72cd2610 DEOPT UNPACKING pc=0x0000026d5f1520a3 sp=0x0000007ef2cfd048 mode 2
Event: 3.507 Thread 0x0000026d72cd2610 Uncommon trap: trap_request=0xffffff45 fr.pc=0x0000026d66c28044 relative=0x0000000000000124
Event: 3.507 Thread 0x0000026d72cd2610 Uncommon trap: reason=unstable_if action=reinterpret pc=0x0000026d66c28044 method=java.lang.StringLatin1.lastIndexOf([BI[BII)I @ 86 c2
Event: 3.507 Thread 0x0000026d72cd2610 DEOPT PACKING pc=0x0000026d66c28044 sp=0x0000007ef2cf8670
Event: 3.507 Thread 0x0000026d72cd2610 DEOPT UNPACKING pc=0x0000026d5f1520a3 sp=0x0000007ef2cf85c8 mode 2
Event: 3.508 Thread 0x0000026d72cd2610 Uncommon trap: trap_request=0xffffff45 fr.pc=0x0000026d66bed670 relative=0x0000000000000350
Event: 3.508 Thread 0x0000026d72cd2610 Uncommon trap: reason=unstable_if action=reinterpret pc=0x0000026d66bed670 method=java.lang.StringLatin1.canEncode(I)Z @ 4 c2
Event: 3.508 Thread 0x0000026d72cd2610 DEOPT PACKING pc=0x0000026d66bed670 sp=0x0000007ef2cf8cc0
Event: 3.508 Thread 0x0000026d72cd2610 DEOPT UNPACKING pc=0x0000026d5f1520a3 sp=0x0000007ef2cf8be8 mode 2
Event: 3.508 Thread 0x0000026d72cd2610 Uncommon trap: trap_request=0xffffff45 fr.pc=0x0000026d66bedf54 relative=0x0000000000000334
Event: 3.508 Thread 0x0000026d72cd2610 Uncommon trap: reason=unstable_if action=reinterpret pc=0x0000026d66bedf54 method=java.lang.AbstractStringBuilder.isLatin1()Z @ 10 c2
Event: 3.508 Thread 0x0000026d72cd2610 DEOPT PACKING pc=0x0000026d66bedf54 sp=0x0000007ef2cf8ce0
Event: 3.508 Thread 0x0000026d72cd2610 DEOPT UNPACKING pc=0x0000026d5f1520a3 sp=0x0000007ef2cf8c60 mode 2
Event: 3.513 Thread 0x0000026d72cd2610 Uncommon trap: trap_request=0xffffff45 fr.pc=0x0000026d66be3c48 relative=0x0000000000000048
Event: 3.513 Thread 0x0000026d72cd2610 Uncommon trap: reason=unstable_if action=reinterpret pc=0x0000026d66be3c48 method=java.lang.CharacterData.of(I)Ljava/lang/CharacterData; @ 4 c2
Event: 3.513 Thread 0x0000026d72cd2610 DEOPT PACKING pc=0x0000026d66be3c48 sp=0x0000007ef2cf8490
Event: 3.513 Thread 0x0000026d72cd2610 DEOPT UNPACKING pc=0x0000026d5f1520a3 sp=0x0000007ef2cf8428 mode 2

Classes unloaded (0 events):
No events

Classes redefined (0 events):
No events

Internal exceptions (20 events):
Event: 0.818 Thread 0x0000026d5c472150 Exception <a 'java/lang/ClassNotFoundException'{0x00000000eb6c2e70}: sun/net/www/protocol/c/Handler> (0x00000000eb6c2e70) 
thrown [e:\jenkins\tmp\workspace\build\src\src\hotspot\share\classfile\systemDictionary.cpp, line 256]
Event: 0.818 Thread 0x0000026d5c472150 Exception <a 'java/lang/ClassNotFoundException'{0x00000000eb6c4250}: sun/net/www/protocol/c/Handler> (0x00000000eb6c4250) 
thrown [e:\jenkins\tmp\workspace\build\src\src\hotspot\share\classfile\systemDictionary.cpp, line 256]
Event: 0.818 Thread 0x0000026d5c472150 Exception <a 'java/lang/ClassNotFoundException'{0x00000000eb6c54e0}: sun/net/www/protocol/c/Handler> (0x00000000eb6c54e0) 
thrown [e:\jenkins\tmp\workspace\build\src\src\hotspot\share\classfile\systemDictionary.cpp, line 256]
Event: 0.826 Thread 0x0000026d5c472150 Exception <a 'java/io/FileNotFoundException'{0x00000000eb6e6898}> (0x00000000eb6e6898) 
thrown [e:\jenkins\tmp\workspace\build\src\src\hotspot\share\prims\jni.cpp, line 516]
Event: 0.863 Thread 0x0000026d5c472150 Implicit null exception at 0x0000026d66bf4e5b to 0x0000026d66bf5830
Event: 0.903 Thread 0x0000026d5c472150 Exception <a 'java/lang/NoSuchMethodError'{0x00000000eb8c07c0}: 'int java.lang.invoke.DirectMethodHandle$Holder.invokeStaticInit(java.lang.Object, java.lang.Object, java.lang.Object, java.lang.Object)'> (0x00000000eb8c07c0) 
thrown [e:\jenkins\tmp\workspace\build\src\src\hotspot\share\interpreter\linkResolver.cpp, line 766]
Event: 0.904 Thread 0x0000026d5c472150 Exception <a 'java/lang/NoSuchMethodError'{0x00000000eb8cae30}: 'java.lang.Object java.lang.invoke.DirectMethodHandle$Holder.invokeInterface(java.lang.Object, java.lang.Object)'> (0x00000000eb8cae30) 
thrown [e:\jenkins\tmp\workspace\build\src\src\hotspot\share\interpreter\linkResolver.cpp, line 766]
Event: 0.905 Thread 0x0000026d5c472150 Exception <a 'java/lang/IncompatibleClassChangeError'{0x00000000eb8ce628}: Found class java.lang.Object, but interface was expected> (0x00000000eb8ce628) 
thrown [e:\jenkins\tmp\workspace\build\src\src\hotspot\share\interpreter\linkResolver.cpp, line 833]
Event: 0.905 Thread 0x0000026d5c472150 Exception <a 'java/lang/NoSuchMethodError'{0x00000000eb8d1548}: 'void java.lang.invoke.DirectMethodHandle$Holder.invokeStatic(java.lang.Object, java.lang.Object)'> (0x00000000eb8d1548) 
thrown [e:\jenkins\tmp\workspace\build\src\src\hotspot\share\interpreter\linkResolver.cpp, line 766]
Event: 0.906 Thread 0x0000026d5c472150 Exception <a 'java/lang/NoSuchMethodError'{0x00000000eb8d4d48}: 'void java.lang.invoke.DirectMethodHandle$Holder.invokeStaticInit(java.lang.Object, java.lang.Object)'> (0x00000000eb8d4d48) 
thrown [e:\jenkins\tmp\workspace\build\src\src\hotspot\share\interpreter\linkResolver.cpp, line 766]
Event: 0.906 Thread 0x0000026d5c472150 Exception <a 'java/lang/NoSuchMethodError'{0x00000000eb8da8e8}: 'int java.lang.invoke.DirectMethodHandle$Holder.invokeStaticInit(java.lang.Object, java.lang.Object)'> (0x00000000eb8da8e8) 
thrown [e:\jenkins\tmp\workspace\build\src\src\hotspot\share\interpreter\linkResolver.cpp, line 766]
Event: 0.925 Thread 0x0000026d5c472150 Exception <a 'java/lang/NoSuchMethodError'{0x00000000eb92c050}: 'java.lang.Object java.lang.invoke.DirectMethodHandle$Holder.invokeStaticInit(java.lang.Object, int, int, int, int)'> (0x00000000eb92c050) 
thrown [e:\jenkins\tmp\workspace\build\src\src\hotspot\share\interpreter\linkResolver.cpp, line 766]
Event: 0.974 Thread 0x0000026d5c472150 Exception <a 'java/lang/NoSuchMethodError'{0x00000000eb962510}: 'java.lang.Object java.lang.invoke.DirectMethodHandle$Holder.invokeStaticInit(java.lang.Object, java.lang.Object, int, int, int, int)'> (0x00000000eb962510) 
thrown [e:\jenkins\tmp\workspace\build\src\src\hotspot\share\interpreter\linkResolver.cpp, line 766]
Event: 1.107 Thread 0x0000026d5c472150 Exception <a 'java/lang/NoSuchMethodError'{0x00000000ebdd0488}: 'int java.lang.invoke.DirectMethodHandle$Holder.invokeSpecial(java.lang.Object, java.lang.Object, java.lang.Object)'> (0x00000000ebdd0488) 
thrown [e:\jenkins\tmp\workspace\build\src\src\hotspot\share\interpreter\linkResolver.cpp, line 766]
Event: 1.185 Thread 0x0000026d5c472150 Exception <a 'java/lang/NoSuchMethodError'{0x00000000ec335a48}: 'java.lang.Object java.lang.invoke.DirectMethodHandle$Holder.newInvokeSpecial(java.lang.Object, int, java.lang.Object)'> (0x00000000ec335a48) 
thrown [e:\jenkins\tmp\workspace\build\src\src\hotspot\share\interpreter\linkResolver.cpp, line 766]
Event: 2.783 Thread 0x0000026d5c472150 Exception <a 'java/lang/UnsatisfiedLinkError'{0x00000000ebe40bf0}: 'void org.eclipse.equinox.launcher.JNIBridge._update_splash()'> (0x00000000ebe40bf0) 
thrown [e:\jenkins\tmp\workspace\build\src\src\hotspot\share\prims\nativeLookup.cpp, line 543]
Event: 2.789 Thread 0x0000026d72cd4c90 Exception <a 'java/lang/NoSuchMethodError'{0x00000000ebe6e1c8}: 'java.lang.Object java.lang.invoke.Invokers$Holder.invokeExact_MT(java.lang.Object, java.lang.Object, java.lang.Object, java.lang.Object, java.lang.Object, java.lang.Object)'> (0x00000000ebe6e1c8) 
thrown [e:\jenkins\tmp\workspace\build\src\src\hotspot\share\interpreter\linkResolver.cpp, line 766]
Event: 2.950 Thread 0x0000026d72cd2610 Exception <a 'java/lang/NoSuchMethodError'{0x00000000eb2e4b10}: 'java.lang.Object java.lang.invoke.DirectMethodHandle$Holder.invokeStaticInit(java.lang.Object)'> (0x00000000eb2e4b10) 
thrown [e:\jenkins\tmp\workspace\build\src\src\hotspot\share\interpreter\linkResolver.cpp, line 766]
Event: 3.063 Thread 0x0000026d72cd2610 Exception <a 'java/io/FileNotFoundException'{0x00000000eb5c09c8}> (0x00000000eb5c09c8) 
thrown [e:\jenkins\tmp\workspace\build\src\src\hotspot\share\prims\jni.cpp, line 516]
Event: 3.536 Thread 0x0000026d72cd2610 Exception <a 'java/lang/NoSuchMethodError'{0x00000000ebfe96e0}: 'void java.lang.invoke.DirectMethodHandle$Holder.invokeInterface(java.lang.Object, java.lang.Object, java.lang.Object)'> (0x00000000ebfe96e0) 
thrown [e:\jenkins\tmp\workspace\build\src\src\hotspot\share\interpreter\linkResolver.cpp, line 766]

VM Operations (20 events):
Event: 1.210 Executing VM operation: ParallelGCFailedAllocation
Event: 1.225 Executing VM operation: ParallelGCFailedAllocation done
Event: 2.236 Executing VM operation: Cleanup
Event: 2.236 Executing VM operation: Cleanup done
Event: 2.786 Executing VM operation: HandshakeAllThreads
Event: 2.786 Executing VM operation: HandshakeAllThreads done
Event: 2.820 Executing VM operation: HandshakeAllThreads
Event: 2.820 Executing VM operation: HandshakeAllThreads done
Event: 2.846 Executing VM operation: ParallelGCFailedAllocation
Event: 2.856 Executing VM operation: ParallelGCFailedAllocation done
Event: 2.962 Executing VM operation: HandshakeAllThreads
Event: 2.962 Executing VM operation: HandshakeAllThreads done
Event: 3.257 Executing VM operation: ICBufferFull
Event: 3.257 Executing VM operation: ICBufferFull done
Event: 3.463 Executing VM operation: HandshakeAllThreads
Event: 3.463 Executing VM operation: HandshakeAllThreads done
Event: 3.514 Executing VM operation: HandshakeAllThreads
Event: 3.514 Executing VM operation: HandshakeAllThreads done
Event: 3.519 Executing VM operation: HandshakeAllThreads
Event: 3.519 Executing VM operation: HandshakeAllThreads done

Events (20 events):
Event: 3.513 loading class java/util/stream/Sink$ChainedInt
Event: 3.513 loading class java/util/stream/Sink$ChainedInt done
Event: 3.513 loading class java/util/stream/IntPipeline$10$1 done
Event: 3.513 loading class java/lang/StringUTF16$CharsSpliterator
Event: 3.513 loading class java/lang/StringUTF16$CharsSpliterator done
Event: 3.513 loading class java/lang/CharacterData00
Event: 3.514 loading class java/lang/CharacterData00 done
Event: 3.515 loading class java/text/DecimalFormat
Event: 3.516 loading class java/text/DecimalFormat done
Event: 3.517 loading class java/text/FieldPosition
Event: 3.518 loading class java/text/FieldPosition done
Event: 3.518 loading class java/text/DigitList
Event: 3.518 loading class java/text/DigitList done
Event: 3.518 loading class java/math/RoundingMode
Event: 3.518 loading class java/math/RoundingMode done
Event: 3.541 Thread 0x0000026d72cd3e20 Thread added: 0x0000026d72cd3e20
Event: 3.543 loading class java/net/URISyntaxException
Event: 3.543 loading class java/net/URISyntaxException done
Event: 3.585 loading class java/lang/AbstractMethodError
Event: 3.585 loading class java/lang/AbstractMethodError done


Dynamic libraries:
0x00007ff775fa0000 - 0x00007ff775fae000 	c:\Users\Adina\.vscode\extensions\redhat.java-1.7.0-win32-x64\jre\17.0.3-win32-x86_64\bin\java.exe
0x00007ffe27a70000 - 0x00007ffe27c65000 	C:\WINDOWS\SYSTEM32\ntdll.dll
0x00007ffe266e0000 - 0x00007ffe2679d000 	C:\WINDOWS\System32\KERNEL32.DLL
0x00007ffe25360000 - 0x00007ffe2562d000 	C:\WINDOWS\System32\KERNELBASE.dll
0x00007ffe25630000 - 0x00007ffe25730000 	C:\WINDOWS\System32\ucrtbase.dll
0x00007ffe163c0000 - 0x00007ffe163d8000 	c:\Users\Adina\.vscode\extensions\redhat.java-1.7.0-win32-x64\jre\17.0.3-win32-x86_64\bin\jli.dll
0x00007ffe27760000 - 0x00007ffe27900000 	C:\WINDOWS\System32\USER32.dll
0x00007ffe25a90000 - 0x00007ffe25ab2000 	C:\WINDOWS\System32\win32u.dll
0x00007ffe27260000 - 0x00007ffe2728a000 	C:\WINDOWS\System32\GDI32.dll
0x00007ffe25910000 - 0x00007ffe25a1b000 	C:\WINDOWS\System32\gdi32full.dll
0x00007ffe257c0000 - 0x00007ffe2585d000 	C:\WINDOWS\System32\msvcp_win.dll
0x00007ffe16330000 - 0x00007ffe16349000 	c:\Users\Adina\.vscode\extensions\redhat.java-1.7.0-win32-x64\jre\17.0.3-win32-x86_64\bin\VCRUNTIME140.dll
0x00007ffdf6560000 - 0x00007ffdf67fa000 	C:\WINDOWS\WinSxS\amd64_microsoft.windows.common-controls_6595b64144ccf1df_6.0.19041.1110_none_60b5254171f9507e\COMCTL32.dll
0x00007ffe26590000 - 0x00007ffe2662e000 	C:\WINDOWS\System32\msvcrt.dll
0x00007ffe27290000 - 0x00007ffe272c0000 	C:\WINDOWS\System32\IMM32.DLL
0x00007ffe1dc90000 - 0x00007ffe1dc9c000 	c:\Users\Adina\.vscode\extensions\redhat.java-1.7.0-win32-x64\jre\17.0.3-win32-x86_64\bin\vcruntime140_1.dll
0x00007ffdeee20000 - 0x00007ffdeeeb1000 	c:\Users\Adina\.vscode\extensions\redhat.java-1.7.0-win32-x64\jre\17.0.3-win32-x86_64\bin\msvcp140.dll
0x00007ffdbed30000 - 0x00007ffdbf978000 	c:\Users\Adina\.vscode\extensions\redhat.java-1.7.0-win32-x64\jre\17.0.3-win32-x86_64\bin\server\jvm.dll
0x00007ffe276b0000 - 0x00007ffe2775e000 	C:\WINDOWS\System32\ADVAPI32.dll
0x00007ffe26640000 - 0x00007ffe266dc000 	C:\WINDOWS\System32\sechost.dll
0x00007ffe27900000 - 0x00007ffe27a25000 	C:\WINDOWS\System32\RPCRT4.dll
0x00007ffe26630000 - 0x00007ffe26638000 	C:\WINDOWS\System32\PSAPI.DLL
0x00007ffe0aaf0000 - 0x00007ffe0aaf9000 	C:\WINDOWS\SYSTEM32\WSOCK32.dll
0x00007ffe270d0000 - 0x00007ffe2713b000 	C:\WINDOWS\System32\WS2_32.dll
0x00007ffe1a190000 - 0x00007ffe1a1b7000 	C:\WINDOWS\SYSTEM32\WINMM.dll
0x00007ffe1a520000 - 0x00007ffe1a52a000 	C:\WINDOWS\SYSTEM32\VERSION.dll
0x00007ffe23020000 - 0x00007ffe23032000 	C:\WINDOWS\SYSTEM32\kernel.appcore.dll
0x00007ffe161c0000 - 0x00007ffe161ca000 	c:\Users\Adina\.vscode\extensions\redhat.java-1.7.0-win32-x64\jre\17.0.3-win32-x86_64\bin\jimage.dll
0x00007ffe17e70000 - 0x00007ffe18054000 	C:\WINDOWS\SYSTEM32\DBGHELP.DLL
0x00007ffe182f0000 - 0x00007ffe1831c000 	C:\WINDOWS\SYSTEM32\dbgcore.DLL
0x00007ffe25730000 - 0x00007ffe257b2000 	C:\WINDOWS\System32\bcryptPrimitives.dll
0x00007ffdf3170000 - 0x00007ffdf3195000 	c:\Users\Adina\.vscode\extensions\redhat.java-1.7.0-win32-x64\jre\17.0.3-win32-x86_64\bin\java.dll
0x00007ffe16000000 - 0x00007ffe16018000 	c:\Users\Adina\.vscode\extensions\redhat.java-1.7.0-win32-x64\jre\17.0.3-win32-x86_64\bin\zip.dll
0x00007ffe267a0000 - 0x00007ffe26ee4000 	C:\WINDOWS\System32\SHELL32.dll
0x00007ffe23240000 - 0x00007ffe239d4000 	C:\WINDOWS\SYSTEM32\windows.storage.dll
0x00007ffe25fe0000 - 0x00007ffe26334000 	C:\WINDOWS\System32\combase.dll
0x00007ffe24a30000 - 0x00007ffe24a5c000 	C:\WINDOWS\SYSTEM32\Wldp.dll
0x00007ffe263b0000 - 0x00007ffe2645d000 	C:\WINDOWS\System32\SHCORE.dll
0x00007ffe26460000 - 0x00007ffe264b5000 	C:\WINDOWS\System32\shlwapi.dll
0x00007ffe250c0000 - 0x00007ffe250df000 	C:\WINDOWS\SYSTEM32\profapi.dll
0x00007ffdf6810000 - 0x00007ffdf6829000 	C:\Users\Adina\.vscode\extensions\redhat.java-1.7.0-win32-x64\jre\17.0.3-win32-x86_64\bin\net.dll
0x00007ffe21870000 - 0x00007ffe2197a000 	C:\WINDOWS\SYSTEM32\WINHTTP.dll
0x00007ffe24810000 - 0x00007ffe2487a000 	C:\WINDOWS\system32\mswsock.dll
0x00007ffdf3150000 - 0x00007ffdf3165000 	C:\Users\Adina\.vscode\extensions\redhat.java-1.7.0-win32-x64\jre\17.0.3-win32-x86_64\bin\nio.dll
0x00007ffe24a70000 - 0x00007ffe24a88000 	C:\WINDOWS\SYSTEM32\CRYPTSP.dll
0x00007ffe241b0000 - 0x00007ffe241e4000 	C:\WINDOWS\system32\rsaenh.dll
0x00007ffe25330000 - 0x00007ffe25357000 	C:\WINDOWS\System32\bcrypt.dll
0x00007ffe25080000 - 0x00007ffe250ae000 	C:\WINDOWS\SYSTEM32\USERENV.dll
0x00007ffe249a0000 - 0x00007ffe249ac000 	C:\WINDOWS\SYSTEM32\CRYPTBASE.dll
0x00007ffe24520000 - 0x00007ffe2455b000 	C:\WINDOWS\SYSTEM32\IPHLPAPI.DLL
0x00007ffe263a0000 - 0x00007ffe263a8000 	C:\WINDOWS\System32\NSI.dll
0x00007ffe1f7f0000 - 0x00007ffe1f807000 	C:\WINDOWS\SYSTEM32\dhcpcsvc6.DLL
0x00007ffe1f460000 - 0x00007ffe1f47d000 	C:\WINDOWS\SYSTEM32\dhcpcsvc.DLL
0x00007ffe24560000 - 0x00007ffe2462b000 	C:\WINDOWS\SYSTEM32\DNSAPI.dll
0x00007ffdef5d0000 - 0x00007ffdef60e000 	C:\Users\Adina\AppData\Roaming\Code\User\globalStorage\redhat.java\1.7.0\config_win\org.eclipse.equinox.launcher\org.eclipse.equinox.launcher.win32.win32.x86_64_1.2.400.v20211117-0650\eclipse_11602.dll
0x00007ffe26ef0000 - 0x00007ffe2701a000 	C:\WINDOWS\System32\ole32.dll

dbghelp: loaded successfully - version: 4.0.5 - missing functions: none
symbol engine: initialized successfully - sym options: 0x614 - pdb path: .;c:\Users\Adina\.vscode\extensions\redhat.java-1.7.0-win32-x64\jre\17.0.3-win32-x86_64\bin;C:\WINDOWS\SYSTEM32;C:\WINDOWS\WinSxS\amd64_microsoft.windows.common-controls_6595b64144ccf1df_6.0.19041.1110_none_60b5254171f9507e;c:\Users\Adina\.vscode\extensions\redhat.java-1.7.0-win32-x64\jre\17.0.3-win32-x86_64\bin\server;C:\Users\Adina\AppData\Roaming\Code\User\globalStorage\redhat.java\1.7.0\config_win\org.eclipse.equinox.launcher\org.eclipse.equinox.launcher.win32.win32.x86_64_1.2.400.v20211117-0650

VM Arguments:
jvm_args: --add-modules=ALL-SYSTEM --add-opens=java.base/java.util=ALL-UNNAMED --add-opens=java.base/java.lang=ALL-UNNAMED --add-opens=java.base/sun.nio.fs=ALL-UNNAMED -Declipse.application=org.eclipse.jdt.ls.core.id1 -Dosgi.bundles.defaultStartLevel=4 -Declipse.product=org.eclipse.jdt.ls.core.product -Djava.import.generatesMetadataFilesAtProjectRoot=false -Dfile.encoding=utf8 -DwatchParentProcess=false -XX:+UseParallelGC -XX:GCTimeRatio=4 -XX:AdaptiveSizePolicyWeight=90 -Dsun.zip.disableMemoryMapping=true -Xmx1G -Xms100m -XX:+HeapDumpOnOutOfMemoryError -XX:HeapDumpPath=c:\Users\Adina\AppData\Roaming\Code\User\workspaceStorage\409782c94249b56334519af4336092a2\redhat.java 
java_command: c:\Users\Adina\.vscode\extensions\redhat.java-1.7.0-win32-x64\server\plugins\org.eclipse.equinox.launcher_1.6.400.v20210924-0641.jar -configuration c:\Users\Adina\AppData\Roaming\Code\User\globalStorage\redhat.java\1.7.0\config_win -data c:\Users\Adina\AppData\Roaming\Code\User\workspaceStorage\409782c94249b56334519af4336092a2\redhat.java\jdt_ws
java_class_path (initial): c:\Users\Adina\.vscode\extensions\redhat.java-1.7.0-win32-x64\server\plugins\org.eclipse.equinox.launcher_1.6.400.v20210924-0641.jar
Launcher Type: SUN_STANDARD

[Global flags]
    uintx AdaptiveSizePolicyWeight                 = 90                                        {product} {command line}
     intx CICompilerCount                          = 4                                         {product} {ergonomic}
    uintx GCTimeRatio                              = 4                                         {product} {command line}
     bool HeapDumpOnOutOfMemoryError               = true                                   {manageable} {command line}
    ccstr HeapDumpPath                             = c:\Users\Adina\AppData\Roaming\Code\User\workspaceStorage\409782c94249b56334519af4336092a2\redhat.java         {manageable} {command line}
   size_t InitialHeapSize                          = 104857600                                 {product} {command line}
   size_t MaxHeapSize                              = 1073741824                                {product} {command line}
   size_t MaxNewSize                               = 357564416                                 {product} {ergonomic}
   size_t MinHeapDeltaBytes                        = 524288                                    {product} {ergonomic}
   size_t MinHeapSize                              = 104857600                                 {product} {command line}
   size_t NewSize                                  = 34603008                                  {product} {ergonomic}
    uintx NonNMethodCodeHeapSize                   = 5839372                                {pd product} {ergonomic}
    uintx NonProfiledCodeHeapSize                  = 122909434                              {pd product} {ergonomic}
   size_t OldSize                                  = 70254592                                  {product} {ergonomic}
    uintx ProfiledCodeHeapSize                     = 122909434                              {pd product} {ergonomic}
    uintx ReservedCodeCacheSize                    = 251658240                              {pd product} {ergonomic}
     bool SegmentedCodeCache                       = true                                      {product} {ergonomic}
   size_t SoftMaxHeapSize                          = 1073741824                             {manageable} {ergonomic}
     bool UseCompressedClassPointers               = true                           {product lp64_product} {ergonomic}
     bool UseCompressedOops                        = true                           {product lp64_product} {ergonomic}
     bool UseLargePagesIndividualAllocation        = false                                  {pd product} {ergonomic}
     bool UseParallelGC                            = true                                      {product} {command line}

Logging:
Log output configuration:
 #0: stdout all=warning uptime,level,tags
 #1: stderr all=off uptime,level,tags

Environment Variables:
PATH=C:\Program Files\dotnet\;C:\Users\Adina\Desktop\Git\cmd;C:\Program Files\nodejs\;C:\Program Files\MySQL\MySQL Shell 8.0\bin\;C:\Users\Adina\AppData\Local\Microsoft\WindowsApps;C:\Users\Adina\Desktop\PyCharm Community Edition 2020.3.3\bin;;C:\Program Files\Git\bin\;C:\Program Files\Git\cmd\;C:\Users\Adina\AppData\Roaming\Composer\vendor\bin;C:\Program Files\JetBrains\IntelliJ IDEA Community Edition 2022.1.2\bin;;C:\Program Files\Azure Data Studio\bin;C:\Program Files\MySQL\MySQL Shell 8.0\bin;C:\Users\Adina\Desktop\PyCharm 2021.3.2\bin;;C:\Program Files\JetBrains\IntelliJ IDEA 2022.1.2\bin;;C:\Users\Adina\AppData\Local\Programs\Microsoft VS Code\bin;C:\Program Files\nodejs;C:\Program Files\nodejs\node_modules\npm\bin;C:\Users\Adina\AppData\Local\GitHubDesktop\bin;C:\Program Files\JetBrains\IntelliJ IDEA Educational Edition 2021.3.4\bin;;C:\Users\Adina\.dotnet\tools;C:\Users\Adina\AppData\Roaming\npm
USERNAME=Adina
OS=Windows_NT
PROCESSOR_IDENTIFIER=AMD64 Family 23 Model 96 Stepping 1, AuthenticAMD



---------------  S Y S T E M  ---------------

OS:
 Windows 10 , 64 bit Build 19041 (10.0.19041.1706)
OS uptime: 0 days 11:01 hours
Hyper-V role detected

CPU: total 8 (initial active 8) (8 cores per cpu, 1 threads per core) family 23 model 96 stepping 1 microcode 0x0, cx8, cmov, fxsr, mmx, 3dnowpref, sse, sse2, sse3, ssse3, sse4a, sse4.1, sse4.2, popcnt, lzcnt, tsc, tscinvbit, avx, avx2, aes, clmul, bmi1, bmi2, adx, sha, fma, vzeroupper, clflush, clflushopt, hv

Memory: 4k page, system-wide physical 7549M (195M free)
TotalPageFile size 16988M (AvailPageFile size 49M)
current process WorkingSet (physical memory assigned to process): 112M, peak: 112M
current process commit charge ("private bytes"): 225M, peak: 226M

vm_info: OpenJDK 64-Bit Server VM (17.0.3+7) for windows-amd64 JRE (17.0.3+7), built on Apr 19 2022 16:55:35 by "" with MS VC++ 16.7 (VS2019)

END.
